Flow report for Block_Dominskyi_SM
Mon Nov 30 09:41:39 2020
Quartus II 64-Bit Version 13.0.1 Build 232 06/12/2013 Service Pack 1 SJ Web Edition


---------------------
; Table of Contents ;
---------------------
  1. Legal Notice
  2. Flow Summary
  3. Flow Settings
  4. Flow Non-Default Global Settings
  5. Flow Elapsed Time
  6. Flow OS Summary
  7. Flow Log
  8. Flow Messages
  9. Flow Suppressed Messages



----------------
; Legal Notice ;
----------------
Copyright (C) 1991-2013 Altera Corporation
Your use of Altera Corporation's design tools, logic functions 
and other software and tools, and its AMPP partner logic 
functions, and any output files from any of the foregoing 
(including device programming or simulation files), and any 
associated documentation or information are expressly subject 
to the terms and conditions of the Altera Program License 
Subscription Agreement, Altera MegaCore Function License 
Agreement, or other applicable license agreement, including, 
without limitation, that your use is for the sole purpose of 
programming logic devices manufactured by Altera and sold by 
Altera or its authorized distributors.  Please refer to the 
applicable agreement for further details.



+--------------------------------------------------------------------------------------+
; Flow Summary                                                                         ;
+------------------------------------+-------------------------------------------------+
; Flow Status                        ; Successful - Mon Nov 30 09:41:39 2020           ;
; Quartus II 64-Bit Version          ; 13.0.1 Build 232 06/12/2013 SP 1 SJ Web Edition ;
; Revision Name                      ; Block_Dominskyi_SM                              ;
; Top-level Entity Name              ; Block_Dominskyi_SM                              ;
; Family                             ; Cyclone II                                      ;
; Device                             ; EP2C5F256C6                                     ;
; Timing Models                      ; Final                                           ;
; Total logic elements               ; 18 / 4,608 ( < 1 % )                            ;
;     Total combinational functions  ; 18 / 4,608 ( < 1 % )                            ;
;     Dedicated logic registers      ; 0 / 4,608 ( 0 % )                               ;
; Total registers                    ; 0                                               ;
; Total pins                         ; 26 / 158 ( 16 % )                               ;
; Total virtual pins                 ; 0                                               ;
; Total memory bits                  ; 0 / 119,808 ( 0 % )                             ;
; Embedded Multiplier 9-bit elements ; 0 / 26 ( 0 % )                                  ;
; Total PLLs                         ; 0 / 2 ( 0 % )                                   ;
+------------------------------------+-------------------------------------------------+


+-----------------------------------------+
; Flow Settings                           ;
+-------------------+---------------------+
; Option            ; Setting             ;
+-------------------+---------------------+
; Start date & time ; 11/29/2020 01:29:20 ;
; Main task         ; Compilation         ;
; Revision Name     ; Block_Dominskyi_SM  ;
+-------------------+---------------------+


+---------------------------------------------------------------------------------------------------------------------------------------------------------------------+
; Flow Non-Default Global Settings                                                                                                                                    ;
+-------------------------------------+--------------------------------------------------------------------------------+---------------+-------------+----------------+
; Assignment Name                     ; Value                                                                          ; Default Value ; Entity Name ; Section Id     ;
+-------------------------------------+--------------------------------------------------------------------------------+---------------+-------------+----------------+
; COMPILER_SIGNATURE_ID               ; 145862424747912.160660616019696                                                ; --            ; --          ; --             ;
; EDA_OUTPUT_DATA_FORMAT              ; Verilog Hdl                                                                    ; --            ; --          ; eda_simulation ;
; EDA_SIMULATION_TOOL                 ; ModelSim-Altera (Verilog)                                                      ; <None>        ; --          ; --             ;
; MAX_CORE_JUNCTION_TEMP              ; 85                                                                             ; --            ; --          ; --             ;
; MIN_CORE_JUNCTION_TEMP              ; 0                                                                              ; --            ; --          ; --             ;
; PARTITION_COLOR                     ; 16764057                                                                       ; --            ; --          ; Top            ;
; PARTITION_FITTER_PRESERVATION_LEVEL ; PLACEMENT_AND_ROUTING                                                          ; --            ; --          ; Top            ;
; PARTITION_NETLIST_TYPE              ; SOURCE                                                                         ; --            ; --          ; Top            ;
; PROJECT_OUTPUT_DIRECTORY            ; output_files                                                                   ; --            ; --          ; --             ;
; SEARCH_PATH                         ; d:\forstudy\architecure-of-computer\architecture-of-computer\labs\lab4\lab1_sm ; --            ; --          ; --             ;
+-------------------------------------+--------------------------------------------------------------------------------+---------------+-------------+----------------+


+-------------------------------------------------------------------------------------------------------------------------------+
; Flow Elapsed Time                                                                                                             ;
+---------------------------+--------------+-------------------------+---------------------+------------------------------------+
; Module Name               ; Elapsed Time ; Average Processors Used ; Peak Virtual Memory ; Total CPU Time (on all processors) ;
+---------------------------+--------------+-------------------------+---------------------+------------------------------------+
; Analysis & Synthesis      ; 00:00:02     ; 1.0                     ; 4577 MB             ; 00:00:01                           ;
; Fitter                    ; 00:00:05     ; 1.0                     ; 4710 MB             ; 00:00:05                           ;
; Assembler                 ; 00:00:02     ; 1.0                     ; 4533 MB             ; 00:00:02                           ;
; TimeQuest Timing Analyzer ; 00:00:02     ; 1.0                     ; 4515 MB             ; 00:00:02                           ;
; EDA Netlist Writer        ; 00:00:01     ; 1.0                     ; 4509 MB             ; 00:00:01                           ;
; EDA Netlist Writer        ; 00:00:01     ; 1.0                     ; 4512 MB             ; 00:00:00                           ;
; EDA Netlist Writer        ; 00:00:01     ; 1.0                     ; 4512 MB             ; 00:00:00                           ;
; Total                     ; 00:00:14     ; --                      ; --                  ; 00:00:11                           ;
+---------------------------+--------------+-------------------------+---------------------+------------------------------------+


+----------------------------------------------------------------------------------------+
; Flow OS Summary                                                                        ;
+---------------------------+------------------+-----------+------------+----------------+
; Module Name               ; Machine Hostname ; OS Name   ; OS Version ; Processor type ;
+---------------------------+------------------+-----------+------------+----------------+
; Analysis & Synthesis      ; VsIG-Machine     ; Windows 7 ; 6.2        ; x86_64         ;
; Fitter                    ; VsIG-Machine     ; Windows 7 ; 6.2        ; x86_64         ;
; Assembler                 ; VsIG-Machine     ; Windows 7 ; 6.2        ; x86_64         ;
; TimeQuest Timing Analyzer ; VsIG-Machine     ; Windows 7 ; 6.2        ; x86_64         ;
; EDA Netlist Writer        ; VsIG-Machine     ; Windows 7 ; 6.2        ; x86_64         ;
; EDA Netlist Writer        ; VsIG-Machine     ; Windows 7 ; 6.2        ; x86_64         ;
; EDA Netlist Writer        ; VsIG-Machine     ; Windows 7 ; 6.2        ; x86_64         ;
+---------------------------+------------------+-----------+------------+----------------+


------------
; Flow Log ;
------------
quartus_map --read_settings_files=on --write_settings_files=off Block_Dominskyi_SM -c Block_Dominskyi_SM
quartus_fit --read_settings_files=off --write_settings_files=off Block_Dominskyi_SM -c Block_Dominskyi_SM
quartus_asm --read_settings_files=off --write_settings_files=off Block_Dominskyi_SM -c Block_Dominskyi_SM
quartus_sta Block_Dominskyi_SM -c Block_Dominskyi_SM
quartus_eda --read_settings_files=off --write_settings_files=off Block_Dominskyi_SM -c Block_Dominskyi_SM
quartus_eda --gen_testbench --check_outputs=on --tool=modelsim_oem --format=verilog Block_Dominskyi_SM -c Block_Dominskyi_SM --vector_source=D:/ForStudy/Architecure-Of-Computer/Architecture-Of-Computer/LABS/Lab4/Block_Dominskyi_SM/Block_Dominskyi_SM.vwf --testbench_file=./simulation/qsim/Block_Dominskyi_SM.vt
quartus_eda --functional=on --simulation=on --tool=modelsim_oem --format=verilog Block_Dominskyi_SM -c Block_Dominskyi_SM



